<?xml version="1.0" encoding="UTF-8"?>
<testsuite xmlns:xsi="http://www.w3.org/2001/XMLSchema-instance" xsi:noNamespaceSchemaLocation="https://maven.apache.org/surefire/maven-surefire-plugin/xsd/surefire-test-report.xsd" version="3.0.2" name="br.com.fatec.modulo3.kafka_consumer.KafkaConsumerApplicationTests" time="2.378" tests="1" errors="0" skipped="0" failures="0">
  <properties>
[...]
</properties>
  <testcase name="contextLoads" classname="br.com.fatec.modulo3.kafka_consumer.KafkaConsumerApplicationTests" time="0.718">
    <system-out><![CDATA[23:02:47.724 [main] INFO org.springframework.test.context.support.AnnotationConfigContextLoaderUtils -- Could not detect default configuration classes for test class [br.com.fatec.modulo3.kafka_consumer.KafkaConsumerApplicationTests]: KafkaConsumerApplicationTests does not declare any static, non-private, non-final, nested classes annotated with @Configuration.
23:02:47.848 [main] INFO org.springframework.boot.test.context.SpringBootTestContextBootstrapper -- Found @SpringBootConfiguration br.com.fatec.modulo3.kafka_consumer.KafkaConsumerApplication for test class br.com.fatec.modulo3.kafka_consumer.KafkaConsumerApplicationTests

  .   ____          _            __ _ _
 /\\ / ___'_ __ _ _(_)_ __  __ _ \ \ \ \
( ( )\___ | '_ | '_| | '_ \/ _` | \ \ \ \
 \\/  ___)| |_)| | | | | || (_| |  ) ) ) )
  '  |____| .__|_| |_|_| |_\__, | / / / /
 =========|_|==============|___/=/_/_/_/

 :: Spring Boot ::                (v3.5.8)

2025-12-02T23:02:48.244-03:00  INFO 34682 --- [           main] b.c.f.m.k.KafkaConsumerApplicationTests  : Starting KafkaConsumerApplicationTests using Java 21.0.9 with PID 34682 (started by root in /home/gxil/Documents/modulo3)
2025-12-02T23:02:48.245-03:00  INFO 34682 --- [           main] b.c.f.m.k.KafkaConsumerApplicationTests  : No active profile set, falling back to 1 default profile: "default"
2025-12-02T23:02:49.292-03:00  INFO 34682 --- [           main] b.c.f.m.k.KafkaConsumerApplicationTests  : Started KafkaConsumerApplicationTests in 1.331 seconds (process running for 2.477)
2025-12-02T23:02:49.511-03:00  WARN 34682 --- [ntainer#0-0-C-1] org.apache.kafka.clients.NetworkClient   : [Consumer clientId=consumer-kafka-consumer-group-1, groupId=kafka-consumer-group] Connection to node -1 (localhost/127.0.0.1:9092) could not be established. Node may not be available.
2025-12-02T23:02:49.512-03:00  WARN 34682 --- [ntainer#0-0-C-1] org.apache.kafka.clients.NetworkClient   : [Consumer clientId=consumer-kafka-consumer-group-1, groupId=kafka-consumer-group] Bootstrap broker localhost:9092 (id: -1 rack: null) disconnected
2025-12-02T23:02:49.620-03:00  WARN 34682 --- [ntainer#0-0-C-1] org.apache.kafka.clients.NetworkClient   : [Consumer clientId=consumer-kafka-consumer-group-1, groupId=kafka-consumer-group] Connection to node -1 (localhost/127.0.0.1:9092) could not be established. Node may not be available.
2025-12-02T23:02:49.621-03:00  WARN 34682 --- [ntainer#0-0-C-1] org.apache.kafka.clients.NetworkClient   : [Consumer clientId=consumer-kafka-consumer-group-1, groupId=kafka-consumer-group] Bootstrap broker localhost:9092 (id: -1 rack: null) disconnected
2025-12-02T23:02:49.773-03:00  WARN 34682 --- [ntainer#0-0-C-1] org.apache.kafka.clients.NetworkClient   : [Consumer clientId=consumer-kafka-consumer-group-1, groupId=kafka-consumer-group] Connection to node -1 (localhost/127.0.0.1:9092) could not be established. Node may not be available.
2025-12-02T23:02:49.773-03:00  WARN 34682 --- [ntainer#0-0-C-1] org.apache.kafka.clients.NetworkClient   : [Consumer clientId=consumer-kafka-consumer-group-1, groupId=kafka-consumer-group] Bootstrap broker localhost:9092 (id: -1 rack: null) disconnected
2025-12-02T23:02:49.993-03:00  WARN 34682 --- [ntainer#0-0-C-1] org.apache.kafka.clients.NetworkClient   : [Consumer clientId=consumer-kafka-consumer-group-1, groupId=kafka-consumer-group] Connection to node -1 (localhost/127.0.0.1:9092) could not be established. Node may not be available.
2025-12-02T23:02:49.993-03:00  WARN 34682 --- [ntainer#0-0-C-1] org.apache.kafka.clients.NetworkClient   : [Consumer clientId=consumer-kafka-consumer-group-1, groupId=kafka-consumer-group] Bootstrap broker localhost:9092 (id: -1 rack: null) disconnected
]]></system-out>
    <system-err><![CDATA[Mockito is currently self-attaching to enable the inline-mock-maker. This will no longer work in future releases of the JDK. Please add Mockito as an agent to your build as described in Mockito's documentation: https://javadoc.io/doc/org.mockito/mockito-core/latest/org.mockito/org/mockito/Mockito.html#0.3
WARNING: A Java agent has been loaded dynamically (/root/.m2/repository/net/bytebuddy/byte-buddy-agent/1.17.8/byte-buddy-agent-1.17.8.jar)
WARNING: If a serviceability tool is in use, please run with -XX:+EnableDynamicAgentLoading to hide this warning
WARNING: If a serviceability tool is not in use, please run with -Djdk.instrument.traceUsage for more information
WARNING: Dynamic loading of agents will be disallowed by default in a future release
]]></system-err>
  </testcase>
</testsuite>